<?xml version="1.0" encoding="UTF-8"?>
<!-- Generated by org.testng.reporters.JUnitXMLReporter -->
<testsuite ignored="0" hostname="DESKTOP-VKE7MU9" failures="6" tests="15" name="Admin Console &amp; Operations Verification Tests" time="326.909" errors="0" timestamp="2026-09-07T23:59:23 GMT+06:00">
  <testcase classname="com.marqivo.tests.AdminLoginTest" name="testAdminLoginPageLoad" time="0.531"/>
  <testcase classname="com.marqivo.tests.AdminLoginTest" name="testValidAdminAuthentication" time="5.157">
    <failure type="java.lang.AssertionError" message="Successful admin sign-in should navigate to /admin/dashboard. expected [true] but found [false]">
      <![CDATA[java.lang.AssertionError: Successful admin sign-in should navigate to /admin/dashboard. expected [true] but found [false]
at com.marqivo.tests.AdminLoginTest.testValidAdminAuthentication(AdminLoginTest.java:32)
at java.base/java.util.ArrayList.forEach(ArrayList.java:1604)
... Removed 32 stack frames]]>
    </failure>
  </testcase> <!-- testValidAdminAuthentication -->
  <testcase classname="com.marqivo.tests.AdminLoginTest" name="testInvalidAdminCredentials" time="5.188"/>
  <testcase classname="com.marqivo.tests.AdminNavigationTest" name="testAdminSidebarNavigation" time="19.56">
    <failure type="java.lang.AssertionError" message="Admin sidebar should discover navigation links. expected [false] but found [true]">
      <![CDATA[java.lang.AssertionError: Admin sidebar should discover navigation links. expected [false] but found [true]
at com.marqivo.tests.AdminNavigationTest.testAdminSidebarNavigation(AdminNavigationTest.java:42)
at java.base/java.util.ArrayList.forEach(ArrayList.java:1604)
... Removed 32 stack frames]]>
    </failure>
  </testcase> <!-- testAdminSidebarNavigation -->
  <testcase classname="com.marqivo.tests.AdminProductCrudTest" name="testAdminProductListing" time="5.491">
    <failure type="java.lang.AssertionError" message="Admin products route should load. expected [true] but found [false]">
      <![CDATA[java.lang.AssertionError: Admin products route should load. expected [true] but found [false]
at com.marqivo.tests.AdminProductCrudTest.testAdminProductListing(AdminProductCrudTest.java:20)
at java.base/java.util.ArrayList.forEach(ArrayList.java:1604)
... Removed 32 stack frames]]>
    </failure>
  </testcase> <!-- testAdminProductListing -->
  <testcase classname="com.marqivo.tests.AdminCategoryCrudTest" name="testCategoryHierarchyPage" time="5.477">
    <failure type="java.lang.AssertionError" message="Category management page should load. expected [true] but found [false]">
      <![CDATA[java.lang.AssertionError: Category management page should load. expected [true] but found [false]
at com.marqivo.tests.AdminCategoryCrudTest.testCategoryHierarchyPage(AdminCategoryCrudTest.java:18)
at java.base/java.util.ArrayList.forEach(ArrayList.java:1604)
... Removed 32 stack frames]]>
    </failure>
  </testcase> <!-- testCategoryHierarchyPage -->
  <testcase classname="com.marqivo.tests.AdminInventoryTest" name="testInventoryLevelsPage" time="5.484">
    <failure type="java.lang.AssertionError" message="Inventory management page should load. expected [true] but found [false]">
      <![CDATA[java.lang.AssertionError: Inventory management page should load. expected [true] but found [false]
at com.marqivo.tests.AdminInventoryTest.testInventoryLevelsPage(AdminInventoryTest.java:18)
at java.base/java.util.ArrayList.forEach(ArrayList.java:1604)
... Removed 32 stack frames]]>
    </failure>
  </testcase> <!-- testInventoryLevelsPage -->
  <testcase classname="com.marqivo.tests.AdminOrderAndFulfillmentTest" name="testAdminOrdersWorkspace" time="5.496">
    <failure type="java.lang.AssertionError" message="Admin orders workspace should load. expected [true] but found [false]">
      <![CDATA[java.lang.AssertionError: Admin orders workspace should load. expected [true] but found [false]
at com.marqivo.tests.AdminOrderAndFulfillmentTest.testAdminOrdersWorkspace(AdminOrderAndFulfillmentTest.java:18)
at java.base/java.util.ArrayList.forEach(ArrayList.java:1604)
... Removed 32 stack frames]]>
    </failure>
  </testcase> <!-- testAdminOrdersWorkspace -->
  <testcase classname="com.marqivo.tests.AdminReturnRefundTest" name="testReturnsWorkspace" time="12.624"/>
  <testcase classname="com.marqivo.tests.AdminReturnRefundTest" name="testRefundsLedger" time="12.653"/>
  <testcase classname="com.marqivo.tests.AdminModerationAndCouponsTest" name="testReviewsModerationPage" time="12.804"/>
  <testcase classname="com.marqivo.tests.AdminModerationAndCouponsTest" name="testCouponsAdministrationPage" time="12.746"/>
  <testcase classname="com.marqivo.tests.AdminSecurityAndRbacTest" name="testAdminAccountsPage" time="12.771"/>
  <testcase classname="com.marqivo.tests.AdminSecurityAndRbacTest" name="testRolesMatrixPage" time="12.558"/>
  <testcase classname="com.marqivo.tests.AdminSecurityAndRbacTest" name="testAuditLogsPage" time="10.004"/>
</testsuite> <!-- Admin Console & Operations Verification Tests -->
