<?xml version="1.0" encoding="UTF-8"?>
<!-- Generated by org.testng.reporters.JUnitXMLReporter -->
<testsuite ignored="0" hostname="DESKTOP-VKE7MU9" failures="0" tests="9" name="Customer &amp; Storefront Verification Tests" time="119.148" errors="0" timestamp="2026-09-07T23:53:57 GMT+06:00">
  <testcase classname="com.marqivo.tests.CustomerNavigationTest" name="testHomepageLoad" time="0.038"/>
  <testcase classname="com.marqivo.tests.CustomerNavigationTest" name="testNavigationLinksDiscovery" time="0.779"/>
  <testcase classname="com.marqivo.tests.CustomerNavigationTest" name="testCartAndAccountRoutes" time="0.453"/>
  <testcase classname="com.marqivo.tests.ProductDiscoveryTest" name="testSearchFunctionality" time="4.187"/>
  <testcase classname="com.marqivo.tests.ProductDiscoveryTest" name="testOpenProductDetail" time="2.725"/>
  <testcase classname="com.marqivo.tests.CartAndCheckoutTest" name="testCartOpening" time="0.74"/>
  <testcase classname="com.marqivo.tests.CartAndCheckoutTest" name="testCheckoutPageLoad" time="0.686"/>
  <testcase classname="com.marqivo.tests.AccountAndOrdersTest" name="testAccountSecurityRedirect" time="0.348"/>
  <testcase classname="com.marqivo.tests.AccountAndOrdersTest" name="testCustomerOrdersRoute" time="0.37"/>
</testsuite> <!-- Customer & Storefront Verification Tests -->
