<?xml version="1.0" encoding="UTF-8"?>
<!-- Generated by org.testng.reporters.JUnitReportReporter -->
<testsuite hostname="DESKTOP-VKE7MU9" failures="0" tests="2" name="com.marqivo.tests.ProductDiscoveryTest" time="31.298" errors="0" timestamp="2026-09-07T23:59:24 GMT+06:00" skipped="0">
  <testcase classname="com.marqivo.tests.ProductDiscoveryTest" name="testSearchFunctionality" time="16.712"/>
  <testcase classname="com.marqivo.tests.ProductDiscoveryTest" name="testOpenProductDetail" time="14.586"/>
</testsuite> <!-- com.marqivo.tests.ProductDiscoveryTest -->
