<?xml version="1.0" encoding="UTF-8"?>
<!-- Generated by org.testng.reporters.JUnitReportReporter -->
<testsuite hostname="DESKTOP-VKE7MU9" failures="0" tests="2" name="com.marqivo.tests.AccountAndOrdersTest" time="24.935" errors="0" timestamp="2026-09-07T23:59:24 GMT+06:00" skipped="0">
  <testcase classname="com.marqivo.tests.AccountAndOrdersTest" name="testAccountSecurityRedirect" time="12.651"/>
  <testcase classname="com.marqivo.tests.AccountAndOrdersTest" name="testCustomerOrdersRoute" time="12.284"/>
</testsuite> <!-- com.marqivo.tests.AccountAndOrdersTest -->
