<?xml version="1.0" encoding="UTF-8"?>
<!-- Generated by org.testng.reporters.JUnitReportReporter -->
<testsuite hostname="DESKTOP-VKE7MU9" failures="0" tests="3" name="com.marqivo.tests.AdminSecurityAndRbacTest" time="72.287" errors="0" timestamp="2026-09-07T23:59:24 GMT+06:00" skipped="0">
  <testcase classname="com.marqivo.tests.AdminSecurityAndRbacTest" name="testAdminAccountsPage" time="25.050"/>
  <testcase classname="com.marqivo.tests.AdminSecurityAndRbacTest" name="testRolesMatrixPage" time="24.893"/>
  <testcase classname="com.marqivo.tests.AdminSecurityAndRbacTest" name="testAuditLogsPage" time="22.344"/>
</testsuite> <!-- com.marqivo.tests.AdminSecurityAndRbacTest -->
