<?xml version="1.0" encoding="UTF-8"?>
<!-- Generated by org.testng.reporters.JUnitReportReporter -->
<testsuite hostname="DESKTOP-VKE7MU9" failures="0" tests="2" name="com.marqivo.tests.AdminReturnRefundTest" time="49.731" errors="0" timestamp="2026-09-07T23:59:24 GMT+06:00" skipped="0">
  <testcase classname="com.marqivo.tests.AdminReturnRefundTest" name="testReturnsWorkspace" time="22.759"/>
  <testcase classname="com.marqivo.tests.AdminReturnRefundTest" name="testRefundsLedger" time="26.972"/>
</testsuite> <!-- com.marqivo.tests.AdminReturnRefundTest -->
