<?xml version="1.0" encoding="UTF-8"?>
<!-- Generated by org.testng.reporters.JUnitReportReporter -->
<testsuite hostname="DESKTOP-VKE7MU9" failures="0" tests="2" name="com.marqivo.tests.AdminModerationAndCouponsTest" time="50.168" errors="0" timestamp="2026-09-07T23:59:24 GMT+06:00" skipped="0">
  <testcase classname="com.marqivo.tests.AdminModerationAndCouponsTest" name="testReviewsModerationPage" time="25.214"/>
  <testcase classname="com.marqivo.tests.AdminModerationAndCouponsTest" name="testCouponsAdministrationPage" time="24.954"/>
</testsuite> <!-- com.marqivo.tests.AdminModerationAndCouponsTest -->
