<?xml version="1.0" encoding="UTF-8"?>
<!-- Generated by org.testng.reporters.JUnitReportReporter -->
<testsuite hostname="DESKTOP-VKE7MU9" failures="0" tests="2" name="com.marqivo.tests.CartAndCheckoutTest" time="23.544" errors="0" timestamp="2026-09-07T23:59:24 GMT+06:00" skipped="0">
  <testcase classname="com.marqivo.tests.CartAndCheckoutTest" name="testCartOpening" time="12.964"/>
  <testcase classname="com.marqivo.tests.CartAndCheckoutTest" name="testCheckoutPageLoad" time="10.580"/>
</testsuite> <!-- com.marqivo.tests.CartAndCheckoutTest -->
