<?xml version="1.0" encoding="UTF-8"?>
<!-- Generated by org.testng.reporters.JUnitReportReporter -->
<testsuite hostname="DESKTOP-VKE7MU9" failures="0" tests="3" name="com.marqivo.tests.CustomerNavigationTest" time="39.310" errors="0" timestamp="2026-09-07T23:59:24 GMT+06:00" skipped="0">
  <testcase classname="com.marqivo.tests.CustomerNavigationTest" name="testHomepageLoad" time="11.516"/>
  <testcase classname="com.marqivo.tests.CustomerNavigationTest" name="testNavigationLinksDiscovery" time="13.363"/>
  <testcase classname="com.marqivo.tests.CustomerNavigationTest" name="testCartAndAccountRoutes" time="14.431"/>
</testsuite> <!-- com.marqivo.tests.CustomerNavigationTest -->
